{"/home/jacko7557/projects/401/caps/eventEmitter.js": {"path":"/home/jacko7557/projects/401/caps/eventEmitter.js","statementMap":{"0":{"start":{"line":3,"column":14},"end":{"line":3,"column":31}},"1":{"start":{"line":4,"column":15},"end":{"line":4,"column":26}},"2":{"start":{"line":6,"column":0},"end":{"line":6,"column":24}}},"fnMap":{},"branchMap":{},"s":{"0":1,"1":1,"2":1},"f":{},"b":{},"_coverageSchema":"1a1c01bbd47fc00a2c39e90264f33305004495a9","hash":"2da96f46edae4851c5c501ed30535efdcfb8b46e"}
,"/home/jacko7557/projects/401/caps/src/driver.js": {"path":"/home/jacko7557/projects/401/caps/src/driver.js","statementMap":{"0":{"start":{"line":3,"column":13},"end":{"line":3,"column":42}},"1":{"start":{"line":6,"column":2},"end":{"line":6,"column":54}},"2":{"start":{"line":7,"column":2},"end":{"line":7,"column":65}},"3":{"start":{"line":8,"column":2},"end":{"line":8,"column":37}},"4":{"start":{"line":10,"column":2},"end":{"line":10,"column":53}},"5":{"start":{"line":11,"column":2},"end":{"line":11,"column":64}},"6":{"start":{"line":12,"column":2},"end":{"line":12,"column":36}},"7":{"start":{"line":15,"column":0},"end":{"line":15,"column":30}}},"fnMap":{"0":{"name":"handlePickup","decl":{"start":{"line":5,"column":9},"end":{"line":5,"column":21}},"loc":{"start":{"line":5,"column":30},"end":{"line":13,"column":1}},"line":5}},"branchMap":{},"s":{"0":1,"1":0,"2":0,"3":0,"4":0,"5":0,"6":0,"7":1},"f":{"0":0},"b":{},"_coverageSchema":"1a1c01bbd47fc00a2c39e90264f33305004495a9","hash":"79c874f0544bb6d431f13f5cdc6059d2b0e4909d"}
,"/home/jacko7557/projects/401/caps/src/global.js": {"path":"/home/jacko7557/projects/401/caps/src/global.js","statementMap":{"0":{"start":{"line":3,"column":13},"end":{"line":3,"column":42}},"1":{"start":{"line":6,"column":10},"end":{"line":6,"column":20}},"2":{"start":{"line":7,"column":13},"end":{"line":7,"column":44}},"3":{"start":{"line":8,"column":15},"end":{"line":12,"column":3}},"4":{"start":{"line":13,"column":2},"end":{"line":13,"column":35}},"5":{"start":{"line":16,"column":0},"end":{"line":16,"column":30}}},"fnMap":{"0":{"name":"handleGlobal","decl":{"start":{"line":5,"column":9},"end":{"line":5,"column":21}},"loc":{"start":{"line":5,"column":32},"end":{"line":14,"column":1}},"line":5}},"branchMap":{},"s":{"0":1,"1":0,"2":0,"3":0,"4":0,"5":1},"f":{"0":0},"b":{},"_coverageSchema":"1a1c01bbd47fc00a2c39e90264f33305004495a9","hash":"c62335ca7fccf121fd65bce3e719d76f10d00a5a"}
,"/home/jacko7557/projects/401/caps/src/vendor.js": {"path":"/home/jacko7557/projects/401/caps/src/vendor.js","statementMap":{"0":{"start":{"line":3,"column":13},"end":{"line":3,"column":42}},"1":{"start":{"line":6,"column":16},"end":{"line":11,"column":3}},"2":{"start":{"line":12,"column":2},"end":{"line":12,"column":33}},"3":{"start":{"line":13,"column":2},"end":{"line":13,"column":58}},"4":{"start":{"line":14,"column":2},"end":{"line":14,"column":82}},"5":{"start":{"line":14,"column":35},"end":{"line":14,"column":80}},"6":{"start":{"line":17,"column":0},"end":{"line":17,"column":31}}},"fnMap":{"0":{"name":"createPackage","decl":{"start":{"line":5,"column":9},"end":{"line":5,"column":22}},"loc":{"start":{"line":5,"column":35},"end":{"line":15,"column":1}},"line":5},"1":{"name":"(anonymous_1)","decl":{"start":{"line":14,"column":25},"end":{"line":14,"column":26}},"loc":{"start":{"line":14,"column":35},"end":{"line":14,"column":80}},"line":14}},"branchMap":{},"s":{"0":1,"1":1,"2":1,"3":1,"4":1,"5":0,"6":1},"f":{"0":1,"1":0},"b":{},"_coverageSchema":"1a1c01bbd47fc00a2c39e90264f33305004495a9","hash":"7d58b6e8a43fb26b65aba61b7b50d6d002257187"}
}
