TN:
SF:eventEmitter.js
FNF:0
FNH:0
DA:3,1
DA:4,1
DA:6,1
LF:3
LH:3
BRF:0
BRH:0
end_of_record
TN:
SF:src/driver.js
FN:5,handlePickup
FNF:1
FNH:1
FNDA:1,handlePickup
DA:3,1
DA:6,1
DA:7,1
DA:8,1
DA:10,1
DA:11,1
DA:12,1
DA:15,1
LF:8
LH:8
BRF:0
BRH:0
end_of_record
TN:
SF:src/global.js
FN:3,handleGlobal
FNF:1
FNH:1
FNDA:3,handleGlobal
DA:4,3
DA:5,3
DA:6,3
DA:11,3
DA:14,1
LF:5
LH:5
BRF:0
BRH:0
end_of_record
TN:
SF:src/vendor.js
FN:5,createPackage
FN:16,handleDelivered
FNF:2
FNH:2
FNDA:1,createPackage
FNDA:1,handleDelivered
DA:3,1
DA:6,1
DA:12,1
DA:13,1
DA:17,1
DA:20,1
LF:6
LH:6
BRF:0
BRH:0
end_of_record
