TN:
SF:eventEmitter.js
FNF:0
FNH:0
DA:3,1
DA:4,1
DA:6,1
LF:3
LH:3
BRF:0
BRH:0
end_of_record
TN:
SF:src/driver.js
FN:5,handlePickup
FNF:1
FNH:0
FNDA:0,handlePickup
DA:3,1
DA:6,0
DA:7,0
DA:8,0
DA:10,0
DA:11,0
DA:12,0
DA:15,1
LF:8
LH:2
BRF:0
BRH:0
end_of_record
TN:
SF:src/global.js
FN:5,handleGlobal
FNF:1
FNH:0
FNDA:0,handleGlobal
DA:3,1
DA:6,0
DA:7,0
DA:8,0
DA:13,0
DA:16,1
LF:6
LH:2
BRF:0
BRH:0
end_of_record
TN:
SF:src/vendor.js
FN:5,createPackage
FN:14,(anonymous_1)
FNF:2
FNH:1
FNDA:1,createPackage
FNDA:0,(anonymous_1)
DA:3,1
DA:6,1
DA:12,1
DA:13,1
DA:14,1
DA:17,1
LF:6
LH:6
BRF:0
BRH:0
end_of_record
